<?xml version="1.0" encoding="UTF-8"?>
<testng-results ignored="0" total="1" passed="0" failed="1" skipped="0">
  <reporter-output>
  </reporter-output>
  <suite started-at="2025-11-17T22:12:25 IST" name="Default suite" finished-at="2025-11-17T22:14:28 IST" duration-ms="122771">
    <groups>
    </groups>
    <test started-at="2025-11-17T22:12:25 IST" name="Default test" finished-at="2025-11-17T22:14:28 IST" duration-ms="122771">
      <class name="com.twt.testscripts.IMTestScripts">
        <test-method is-config="true" signature="startReport()[pri:0, instance:[IMTestScripts passed=0 failed=0 skipped=0]]" started-at="2025-11-17T22:12:25 IST" name="startReport" finished-at="2025-11-17T22:12:25 IST" duration-ms="140" status="PASS">
          <reporter-output>
          </reporter-output>
        </test-method> <!-- startReport -->
        <test-method is-config="true" signature="init()[pri:0, instance:[IMTestScripts passed=0 failed=0 skipped=0]]" started-at="2025-11-17T22:12:25 IST" name="init" finished-at="2025-11-17T22:13:41 IST" duration-ms="76365" status="PASS">
          <reporter-output>
          </reporter-output>
        </test-method> <!-- init -->
        <test-method signature="IMTest()[pri:0, instance:[IMTestScripts passed=0 failed=0 skipped=0]]" started-at="2025-11-17T22:13:41 IST" name="IMTest" description="Inventory Management Screen Test" finished-at="2025-11-17T22:14:28 IST" duration-ms="46356" status="FAIL">
          <exception class="org.openqa.selenium.TimeoutException">
            <message>
              <![CDATA[Expected condition failed: waiting for com.twt.config.BrowserDriver$1@7573e12f (tried for 45 second(s) with 2000 milliseconds interval)
Build info: version: '4.31.0', revision: '1ef9f18787*'
System info: os.name: 'Windows 11', os.arch: 'amd64', os.version: '10.0', java.version: '21.0.4'
Driver info: driver.version: BrowserDriver]]>
            </message>
            <full-stacktrace>
              <![CDATA[org.openqa.selenium.TimeoutException: Expected condition failed: waiting for com.twt.config.BrowserDriver$1@7573e12f (tried for 45 second(s) with 2000 milliseconds interval)
Build info: version: '4.31.0', revision: '1ef9f18787*'
System info: os.name: 'Windows 11', os.arch: 'amd64', os.version: '10.0', java.version: '21.0.4'
Driver info: driver.version: BrowserDriver
at org.openqa.selenium.support.ui.FluentWait.timeoutException(FluentWait.java:265)
at org.openqa.selenium.support.ui.FluentWait.until(FluentWait.java:228)
at com.twt.config.BrowserDriver.waitForPageToLoad(BrowserDriver.java:65)
at com.twt.config.BrowserDriver.waitForPageToLoad(BrowserDriver.java:74)
at com.twt.services.IMService.ImActions(IMService.java:19)
at com.twt.testscripts.IMTestScripts.IMTest(IMTestScripts.java:35)
at java.base/jdk.internal.reflect.DirectMethodHandleAccessor.invoke(DirectMethodHandleAccessor.java:103)
at java.base/java.lang.reflect.Method.invoke(Method.java:580)
at org.testng.internal.invokers.MethodInvocationHelper.invokeMethod(MethodInvocationHelper.java:141)
at org.testng.internal.invokers.TestInvoker.invokeMethod(TestInvoker.java:687)
at org.testng.internal.invokers.TestInvoker.invokeTestMethod(TestInvoker.java:230)
at org.testng.internal.invokers.MethodRunner.runInSequence(MethodRunner.java:63)
at org.testng.internal.invokers.TestInvoker$MethodInvocationAgent.invoke(TestInvoker.java:995)
at org.testng.internal.invokers.TestInvoker.invokeTestMethods(TestInvoker.java:203)
at org.testng.internal.invokers.TestMethodWorker.invokeTestMethods(TestMethodWorker.java:154)
at org.testng.internal.invokers.TestMethodWorker.run(TestMethodWorker.java:134)
at java.base/java.util.ArrayList.forEach(ArrayList.java:1596)
at org.testng.TestRunner.privateRun(TestRunner.java:741)
at org.testng.TestRunner.run(TestRunner.java:616)
at org.testng.SuiteRunner.runTest(SuiteRunner.java:421)
at org.testng.SuiteRunner.runSequentially(SuiteRunner.java:413)
at org.testng.SuiteRunner.privateRun(SuiteRunner.java:373)
at org.testng.SuiteRunner.run(SuiteRunner.java:312)
at org.testng.SuiteRunnerWorker.runSuite(SuiteRunnerWorker.java:52)
at org.testng.SuiteRunnerWorker.run(SuiteRunnerWorker.java:95)
at org.testng.TestNG.runSuitesSequentially(TestNG.java:1274)
at org.testng.TestNG.runSuitesLocally(TestNG.java:1208)
at org.testng.TestNG.runSuites(TestNG.java:1112)
at org.testng.TestNG.run(TestNG.java:1079)
at org.testng.remote.AbstractRemoteTestNG.run(AbstractRemoteTestNG.java:115)
at org.testng.remote.RemoteTestNG.initAndRun(RemoteTestNG.java:293)
at org.testng.remote.RemoteTestNG.main(RemoteTestNG.java:91)
]]>
            </full-stacktrace>
          </exception> <!-- org.openqa.selenium.TimeoutException -->
          <reporter-output>
          </reporter-output>
        </test-method> <!-- IMTest -->
        <test-method is-config="true" signature="getResult(org.testng.ITestResult)[pri:0, instance:[IMTestScripts passed=0 failed=0 skipped=0]]" started-at="2025-11-17T22:14:28 IST" name="getResult" finished-at="2025-11-17T22:14:28 IST" duration-ms="4" status="PASS">
          <params>
            <param index="0">
              <value>
                <![CDATA[[TestResult name=IMTest on [IMTestScripts passed=0 failed=0 skipped=0] status=FAILURE method=IMTestScripts.IMTest()[pri:0, instance:[IMTestScripts passed=0 failed=0 skipped=0]] output={null}]]]>
              </value>
            </param>
          </params>
          <reporter-output>
          </reporter-output>
        </test-method> <!-- getResult -->
        <test-method is-config="true" signature="endReport()[pri:0, instance:[IMTestScripts passed=0 failed=0 skipped=0]]" started-at="2025-11-17T22:14:28 IST" name="endReport" finished-at="2025-11-17T22:14:28 IST" duration-ms="236" status="PASS">
          <reporter-output>
          </reporter-output>
        </test-method> <!-- endReport -->
      </class> <!-- com.twt.testscripts.IMTestScripts -->
    </test> <!-- Default test -->
  </suite> <!-- Default suite -->
</testng-results>
