<?xml version="1.0" encoding="UTF-8"?>
<testng-results ignored="0" total="1" passed="1" failed="0" skipped="0">
  <reporter-output>
  </reporter-output>
  <suite started-at="2025-11-18T11:55:03 IST" name="Default suite" finished-at="2025-11-18T11:55:55 IST" duration-ms="52629">
    <groups>
    </groups>
    <test started-at="2025-11-18T11:55:03 IST" name="Default test" finished-at="2025-11-18T11:55:55 IST" duration-ms="52629">
      <class name="com.twt.testscripts.IndentsTestScripts">
        <test-method is-config="true" signature="startReport()[pri:0, instance:[IndentsTestScripts passed=0 failed=0 skipped=0]]" started-at="2025-11-18T11:55:03 IST" name="startReport" finished-at="2025-11-18T11:55:03 IST" duration-ms="112" status="PASS">
          <reporter-output>
          </reporter-output>
        </test-method> <!-- startReport -->
        <test-method is-config="true" signature="init()[pri:0, instance:[IndentsTestScripts passed=0 failed=0 skipped=0]]" started-at="2025-11-18T11:55:03 IST" name="init" finished-at="2025-11-18T11:55:54 IST" duration-ms="51380" status="PASS">
          <reporter-output>
          </reporter-output>
        </test-method> <!-- init -->
        <test-method signature="indentsTests()[pri:0, instance:[IndentsTestScripts passed=0 failed=0 skipped=0]]" started-at="2025-11-18T11:55:54 IST" name="indentsTests" description="Indent Screen Test" finished-at="2025-11-18T11:55:55 IST" duration-ms="1216" status="PASS">
          <reporter-output>
          </reporter-output>
        </test-method> <!-- indentsTests -->
        <test-method is-config="true" signature="getResult(org.testng.ITestResult)[pri:0, instance:[IndentsTestScripts passed=0 failed=0 skipped=0]]" started-at="2025-11-18T11:55:55 IST" name="getResult" finished-at="2025-11-18T11:55:55 IST" duration-ms="6" status="PASS">
          <params>
            <param index="0">
              <value>
                <![CDATA[[TestResult name=indentsTests on [IndentsTestScripts passed=0 failed=0 skipped=0] status=SUCCESS method=IndentsTestScripts.indentsTests()[pri:0, instance:[IndentsTestScripts passed=0 failed=0 skipped=0]] output={null}]]]>
              </value>
            </param>
          </params>
          <reporter-output>
          </reporter-output>
        </test-method> <!-- getResult -->
        <test-method is-config="true" signature="endReport()[pri:0, instance:[IndentsTestScripts passed=0 failed=0 skipped=0]]" started-at="2025-11-18T11:55:55 IST" name="endReport" finished-at="2025-11-18T11:55:56 IST" duration-ms="428" status="PASS">
          <reporter-output>
          </reporter-output>
        </test-method> <!-- endReport -->
      </class> <!-- com.twt.testscripts.IndentsTestScripts -->
    </test> <!-- Default test -->
  </suite> <!-- Default suite -->
</testng-results>
