<?xml version="1.0" encoding="UTF-8"?>
<testng-results ignored="0" total="1" passed="1" failed="0" skipped="0">
  <reporter-output>
  </reporter-output>
  <suite started-at="2025-11-17T22:38:35 IST" name="Default suite" finished-at="2025-11-17T22:38:44 IST" duration-ms="9439">
    <groups>
    </groups>
    <test started-at="2025-11-17T22:38:35 IST" name="Default test" finished-at="2025-11-17T22:38:44 IST" duration-ms="9439">
      <class name="com.twt.testscripts.IMTestScripts">
        <test-method is-config="true" signature="startReport()[pri:0, instance:[IMTestScripts passed=0 failed=0 skipped=0]]" started-at="2025-11-17T22:38:35 IST" name="startReport" finished-at="2025-11-17T22:38:35 IST" duration-ms="145" status="PASS">
          <reporter-output>
          </reporter-output>
        </test-method> <!-- startReport -->
        <test-method is-config="true" signature="init()[pri:0, instance:[IMTestScripts passed=0 failed=0 skipped=0]]" started-at="2025-11-17T22:38:35 IST" name="init" finished-at="2025-11-17T22:38:42 IST" duration-ms="7407" status="PASS">
          <reporter-output>
          </reporter-output>
        </test-method> <!-- init -->
        <test-method signature="IMTest()[pri:0, instance:[IMTestScripts passed=0 failed=0 skipped=0]]" started-at="2025-11-17T22:38:42 IST" name="IMTest" description="Inventory Management Screen Test" finished-at="2025-11-17T22:38:44 IST" duration-ms="1968" status="PASS">
          <reporter-output>
          </reporter-output>
        </test-method> <!-- IMTest -->
        <test-method is-config="true" signature="getResult(org.testng.ITestResult)[pri:0, instance:[IMTestScripts passed=0 failed=0 skipped=0]]" started-at="2025-11-17T22:38:44 IST" name="getResult" finished-at="2025-11-17T22:38:44 IST" duration-ms="13" status="PASS">
          <params>
            <param index="0">
              <value>
                <![CDATA[[TestResult name=IMTest on [IMTestScripts passed=0 failed=0 skipped=0] status=SUCCESS method=IMTestScripts.IMTest()[pri:0, instance:[IMTestScripts passed=0 failed=0 skipped=0]] output={null}]]]>
              </value>
            </param>
          </params>
          <reporter-output>
          </reporter-output>
        </test-method> <!-- getResult -->
        <test-method is-config="true" signature="endReport()[pri:0, instance:[IMTestScripts passed=0 failed=0 skipped=0]]" started-at="2025-11-17T22:38:44 IST" name="endReport" finished-at="2025-11-17T22:38:45 IST" duration-ms="728" status="PASS">
          <reporter-output>
          </reporter-output>
        </test-method> <!-- endReport -->
      </class> <!-- com.twt.testscripts.IMTestScripts -->
    </test> <!-- Default test -->
  </suite> <!-- Default suite -->
</testng-results>
